Using pre-set license
Built from '2020.3/staging' branch; Version is '2020.3.0f1 (c7b5465681fb) revision 13088070'; Using compiler version '192528614'; Build Type 'Release'
OS: 'Windows 10 Home; OS build 19042.928; Version 2009; 64bit' Language: 'sv' Physical Memory: 16159 MB
BatchMode: 1, IsHumanControllingUs: 0, StartBugReporterOnCrash: 0, Is64bit: 1, IsPro: 0

 COMMAND LINE ARGUMENTS:
C:\Program Files\Unity\Hub\Editor\2020.3.0f1\Editor\Unity.exe
-adb2
-batchMode
-noUpm
-name
AssetImportWorker0
-projectPath
C:/Users/jobol/OneDrive/Dokument/GitHub/MAPP_Project_Grupp10/MAPP Projekt Grupp10
-logFile
Logs/AssetImportWorker0.log
-srvPort
56578
Successfully changed project path to: C:/Users/jobol/OneDrive/Dokument/GitHub/MAPP_Project_Grupp10/MAPP Projekt Grupp10
C:/Users/jobol/OneDrive/Dokument/GitHub/MAPP_Project_Grupp10/MAPP Projekt Grupp10
Using Asset Import Pipeline V2.
Refreshing native plugins compatible for Editor in 75.80 ms, found 1 plugins.
Preloading 0 native plugins for Editor in 0.00 ms.
Initialize engine version: 2020.3.0f1 (c7b5465681fb)
[Subsystems] Discovering subsystems at path C:/Program Files/Unity/Hub/Editor/2020.3.0f1/Editor/Data/Resources/UnitySubsystems
[Subsystems] Discovering subsystems at path C:/Users/jobol/OneDrive/Dokument/GitHub/MAPP_Project_Grupp10/MAPP Projekt Grupp10/Assets
GfxDevice: creating device client; threaded=0
Direct3D:
    Version:  Direct3D 11.0 [level 11.1]
    Renderer: Intel(R) UHD Graphics (ID=0x8a56)
    Vendor:   
    VRAM:     8079 MB
    Driver:   27.20.100.8729
Initialize mono
Mono path[0] = 'C:/Program Files/Unity/Hub/Editor/2020.3.0f1/Editor/Data/Managed'
Mono path[1] = 'C:/Program Files/Unity/Hub/Editor/2020.3.0f1/Editor/Data/MonoBleedingEdge/lib/mono/unityjit'
Mono config path = 'C:/Program Files/Unity/Hub/Editor/2020.3.0f1/Editor/Data/MonoBleedingEdge/etc'
Using monoOptions --debugger-agent=transport=dt_socket,embedding=1,server=y,suspend=n,address=127.0.0.1:56224
Begin MonoManager ReloadAssembly
Registering precompiled unity dll's ...
Register platform support module: C:/Program Files/Unity/Hub/Editor/2020.3.0f1/Editor/Data/PlaybackEngines/WebGLSupport/UnityEditor.WebGL.Extensions.dll
Register platform support module: C:/Program Files/Unity/Hub/Editor/2020.3.0f1/Editor/Data/PlaybackEngines/WindowsStandaloneSupport/UnityEditor.WindowsStandalone.Extensions.dll
Registered in 0.003050 seconds.
Native extension for WindowsStandalone target not found
Native extension for WebGL target not found
Refreshing native plugins compatible for Editor in 56.68 ms, found 1 plugins.
Preloading 0 native plugins for Editor in 0.00 ms.
Invoked RoslynAnalysisRunner static constructor.
RoslynAnalysisRunner will not be running.
RoslynAnalysisRunner has terminated.
Mono: successfully reloaded assembly
- Completed reload, in  3.160 seconds
Platform modules already initialized, skipping
Registering precompiled user dll's ...
Registered in 0.001372 seconds.
Begin MonoManager ReloadAssembly
Native extension for WindowsStandalone target not found
Native extension for WebGL target not found
Refreshing native plugins compatible for Editor in 56.65 ms, found 1 plugins.
Preloading 0 native plugins for Editor in 0.00 ms.
Invoked RoslynAnalysisRunner static constructor.
RoslynAnalysisRunner will not be running.
RoslynAnalysisRunner has terminated.
Mono: successfully reloaded assembly
- Completed reload, in  1.355 seconds
Platform modules already initialized, skipping
========================================================================
Worker process is ready to serve import requests
Launched and connected shader compiler UnityShaderCompiler.exe after 0.05 seconds
Refreshing native plugins compatible for Editor in 0.47 ms, found 1 plugins.
Preloading 0 native plugins for Editor in 0.00 ms.
Unloading 1818 Unused Serialized files (Serialized files now loaded: 0)
System memory in use before: 85.3 MB.
System memory in use after: 85.4 MB.

Unloading 19 unused Assets to reduce memory usage. Loaded Objects now: 2265.
Total: 2.632600 ms (FindLiveObjects: 0.458700 ms CreateObjectMapping: 0.093900 ms MarkObjects: 1.997000 ms  DeleteObjects: 0.080900 ms)

========================================================================
Received Import Request.
  path: Assets/Sprites/Objekt
  artifactKey: Guid(5963a9ce071acaa4dacf92e0b0d32d4d) Importer(815301076,1909f56bfc062723c751e8b465ee728b)
Start importing Assets/Sprites/Objekt using Guid(5963a9ce071acaa4dacf92e0b0d32d4d) Importer(815301076,1909f56bfc062723c751e8b465ee728b)  -> (artifact id: '78571c51ee251a8a97f5256fa0dea368') in 0.012270 seconds
  Import took 0.015808 seconds .

========================================================================
Received Import Request.
  Time since last request: 2.609507 seconds.
  path: Assets/Sprites/Objects
  artifactKey: Guid(5963a9ce071acaa4dacf92e0b0d32d4d) Importer(815301076,1909f56bfc062723c751e8b465ee728b)
Start importing Assets/Sprites/Objects using Guid(5963a9ce071acaa4dacf92e0b0d32d4d) Importer(815301076,1909f56bfc062723c751e8b465ee728b)  -> (artifact id: '4eed236f27adb90af3584e5e49f4b778') in 0.005364 seconds
  Import took 0.009236 seconds .

========================================================================
Received Import Request.
  Time since last request: 0.001438 seconds.
  path: Assets/Sprites/Objects
  artifactKey: Guid(5963a9ce071acaa4dacf92e0b0d32d4d) Importer(815301076,1909f56bfc062723c751e8b465ee728b)
Start importing Assets/Sprites/Objects using Guid(5963a9ce071acaa4dacf92e0b0d32d4d) Importer(815301076,1909f56bfc062723c751e8b465ee728b)  -> (artifact id: '4eed236f27adb90af3584e5e49f4b778') in 0.004631 seconds
  Import took 0.009121 seconds .

========================================================================
Received Import Request.
  Time since last request: 2.666306 seconds.
  path: Assets/Sprites/Background
  artifactKey: Guid(6591c2600e520d342ae50c5a07e34426) Importer(815301076,1909f56bfc062723c751e8b465ee728b)
Start importing Assets/Sprites/Background using Guid(6591c2600e520d342ae50c5a07e34426) Importer(815301076,1909f56bfc062723c751e8b465ee728b)  -> (artifact id: '4ac90580c48f1496dcb8ca66b246c307') in 0.005746 seconds
  Import took 0.009742 seconds .

========================================================================
Received Import Request.
  Time since last request: 0.000755 seconds.
  path: Assets/Sprites/Background
  artifactKey: Guid(6591c2600e520d342ae50c5a07e34426) Importer(815301076,1909f56bfc062723c751e8b465ee728b)
Start importing Assets/Sprites/Background using Guid(6591c2600e520d342ae50c5a07e34426) Importer(815301076,1909f56bfc062723c751e8b465ee728b)  -> (artifact id: '4ac90580c48f1496dcb8ca66b246c307') in 0.003831 seconds
  Import took 0.007670 seconds .

========================================================================
Received Import Request.
  Time since last request: 8.760731 seconds.
  path: Assets/Sprites/Player
  artifactKey: Guid(0018ebb7b5fdcdd4a9da32fa1914b912) Importer(815301076,1909f56bfc062723c751e8b465ee728b)
Start importing Assets/Sprites/Player using Guid(0018ebb7b5fdcdd4a9da32fa1914b912) Importer(815301076,1909f56bfc062723c751e8b465ee728b)  -> (artifact id: 'd9feba7c697b4814ae8549a539a3cde2') in 0.005463 seconds
  Import took 0.009829 seconds .

========================================================================
Received Import Request.
  Time since last request: 9.941512 seconds.
  path: Assets/Sprites/Background/Enemy
  artifactKey: Guid(f4718c01cd3b9c24ea85973c434ff8ff) Importer(815301076,1909f56bfc062723c751e8b465ee728b)
Start importing Assets/Sprites/Background/Enemy using Guid(f4718c01cd3b9c24ea85973c434ff8ff) Importer(815301076,1909f56bfc062723c751e8b465ee728b)  -> (artifact id: '27c2feb3f4349de0a94dd44e8b37fdb5') in 0.005799 seconds
  Import took 0.009421 seconds .

