Using pre-set license
Built from '2020.3/staging' branch; Version is '2020.3.0f1 (c7b5465681fb) revision 13088070'; Using compiler version '192528614'; Build Type 'Release'
OS: 'Windows 10 Education N; OS build 19042.928; Version 2009; 64bit' Language: 'en' Physical Memory: 16330 MB
BatchMode: 1, IsHumanControllingUs: 0, StartBugReporterOnCrash: 0, Is64bit: 1, IsPro: 0

 COMMAND LINE ARGUMENTS:
C:\Users\many5992\Desktop\Skolan\Unity\2020.3.0f1\Editor\Unity.exe
-adb2
-batchMode
-noUpm
-name
AssetImportWorker0
-projectPath
C:/Users/many5992/Desktop/PROJEKTET/MAPP_Project_Grupp10/MAPP Projekt Grupp10
-logFile
Logs/AssetImportWorker0.log
-srvPort
51887
Successfully changed project path to: C:/Users/many5992/Desktop/PROJEKTET/MAPP_Project_Grupp10/MAPP Projekt Grupp10
C:/Users/many5992/Desktop/PROJEKTET/MAPP_Project_Grupp10/MAPP Projekt Grupp10
Using Asset Import Pipeline V2.
Refreshing native plugins compatible for Editor in 22.71 ms, found 1 plugins.
Preloading 0 native plugins for Editor in 0.00 ms.
Initialize engine version: 2020.3.0f1 (c7b5465681fb)
[Subsystems] Discovering subsystems at path C:/Users/many5992/Desktop/Skolan/Unity/2020.3.0f1/Editor/Data/Resources/UnitySubsystems
[Subsystems] Discovering subsystems at path C:/Users/many5992/Desktop/PROJEKTET/MAPP_Project_Grupp10/MAPP Projekt Grupp10/Assets
GfxDevice: creating device client; threaded=0
Direct3D:
    Version:  Direct3D 11.0 [level 11.1]
    Renderer: NVIDIA GeForce RTX 3060 Ti (ID=0x2486)
    Vendor:   
    VRAM:     8050 MB
    Driver:   27.21.14.6192
Initialize mono
Mono path[0] = 'C:/Users/many5992/Desktop/Skolan/Unity/2020.3.0f1/Editor/Data/Managed'
Mono path[1] = 'C:/Users/many5992/Desktop/Skolan/Unity/2020.3.0f1/Editor/Data/MonoBleedingEdge/lib/mono/unityjit'
Mono config path = 'C:/Users/many5992/Desktop/Skolan/Unity/2020.3.0f1/Editor/Data/MonoBleedingEdge/etc'
Using monoOptions --debugger-agent=transport=dt_socket,embedding=1,server=y,suspend=n,address=127.0.0.1:56984
Begin MonoManager ReloadAssembly
Registering precompiled unity dll's ...
Register platform support module: C:/Users/many5992/Desktop/Skolan/Unity/2020.3.0f1/Editor/Data/PlaybackEngines/WebGLSupport/UnityEditor.WebGL.Extensions.dll
Register platform support module: C:/Users/many5992/Desktop/Skolan/Unity/2020.3.0f1/Editor/Data/PlaybackEngines/MacStandaloneSupport/UnityEditor.OSXStandalone.Extensions.dll
Register platform support module: C:/Users/many5992/Desktop/Skolan/Unity/2020.3.0f1/Editor/Data/PlaybackEngines/WindowsStandaloneSupport/UnityEditor.WindowsStandalone.Extensions.dll
Register platform support module: C:/Users/many5992/Desktop/Skolan/Unity/2020.3.0f1/Editor/Data/PlaybackEngines/LinuxStandaloneSupport/UnityEditor.LinuxStandalone.Extensions.dll
Register platform support module: C:/Users/many5992/Desktop/Skolan/Unity/2020.3.0f1/Editor/Data/PlaybackEngines/LuminSupport/UnityEditor.Lumin.Extensions.dll
Registered in 0.002238 seconds.
Native extension for Lumin target not found
Native extension for LinuxStandalone target not found
Native extension for WindowsStandalone target not found
Native extension for OSXStandalone target not found
Native extension for WebGL target not found
Refreshing native plugins compatible for Editor in 22.54 ms, found 1 plugins.
Preloading 0 native plugins for Editor in 0.00 ms.
Invoked RoslynAnalysisRunner static constructor.
RoslynAnalysisRunner will not be running.
RoslynAnalysisRunner has terminated.
Mono: successfully reloaded assembly
- Completed reload, in  1.258 seconds
Platform modules already initialized, skipping
Registering precompiled user dll's ...
Registered in 0.000610 seconds.
Begin MonoManager ReloadAssembly
Native extension for Lumin target not found
Native extension for LinuxStandalone target not found
Native extension for WindowsStandalone target not found
Native extension for OSXStandalone target not found
Native extension for WebGL target not found
Refreshing native plugins compatible for Editor in 25.56 ms, found 1 plugins.
Preloading 0 native plugins for Editor in 0.00 ms.
Invoked RoslynAnalysisRunner static constructor.
RoslynAnalysisRunner will not be running.
RoslynAnalysisRunner has terminated.
Mono: successfully reloaded assembly
- Completed reload, in  0.565 seconds
Platform modules already initialized, skipping
========================================================================
Worker process is ready to serve import requests
Launched and connected shader compiler UnityShaderCompiler.exe after 0.03 seconds
Refreshing native plugins compatible for Editor in 0.29 ms, found 1 plugins.
Preloading 0 native plugins for Editor in 0.00 ms.
Unloading 1811 Unused Serialized files (Serialized files now loaded: 0)
System memory in use before: 85.3 MB.
System memory in use after: 85.4 MB.

Unloading 19 unused Assets to reduce memory usage. Loaded Objects now: 2259.
Total: 1.670500 ms (FindLiveObjects: 0.173500 ms CreateObjectMapping: 0.045200 ms MarkObjects: 1.412100 ms  DeleteObjects: 0.038800 ms)

========================================================================
Received Import Request.
  path: Assets/Scripts/UIPickupBanana.cs
  artifactKey: Guid(8a0c0d2455c76dd439e275b42d035ace) Importer(815301076,1909f56bfc062723c751e8b465ee728b)
Start importing Assets/Scripts/UIPickupBanana.cs using Guid(8a0c0d2455c76dd439e275b42d035ace) Importer(815301076,1909f56bfc062723c751e8b465ee728b)  -> (artifact id: '2743db96a4336996682a05840e20ba31') in 0.025250 seconds
  Import took 0.027573 seconds .

========================================================================
Received Import Request.
  Time since last request: 0.000112 seconds.
  path: Assets/Scripts/EnemyHarmful.cs
  artifactKey: Guid(064302d48d689ed41a2e59d084d4ef46) Importer(815301076,1909f56bfc062723c751e8b465ee728b)
Start importing Assets/Scripts/EnemyHarmful.cs using Guid(064302d48d689ed41a2e59d084d4ef46) Importer(815301076,1909f56bfc062723c751e8b465ee728b)  -> (artifact id: 'a9124f5c9e31b434747a0f27e0f76ebb') in 0.001299 seconds
  Import took 0.002826 seconds .

AssetImportWorkerClient::OnTransportError - code=2 error=End of file
